1538514775865	geckodriver	INFO	geckodriver 0.20.0
1538514775873	geckodriver	INFO	Listening on 127.0.0.1:52643
1538514778888	mozrunner::runner	INFO	Running command: "C:\\Program Files\\Mozilla Firefox\\firefox.exe" "-marionette" "-profile" "C:\\Users\\nfma\\AppData\\Local\\Temp\\rust_mozprofile.I8ADWMwtezcs"
1538514780709	Marionette	INFO	Listening on port 52655
1538514780897	Marionette	WARN	TLS certificate errors will be ignored for this session
1538514780932	Marionette	DEBUG	[6442450945] Frame script loaded
1538514780933	Marionette	DEBUG	[6442450945] Frame script registered
1538514780979	Marionette	DEBUG	[6442450945] Received DOM event beforeunload for about:blank
1538514781213	Marionette	DEBUG	[6442450945] Received DOM event pagehide for about:blank
1538514782771	Marionette	DEBUG	[6442450945] Received DOM event DOMContentLoaded for https://staging.annotation.tools.unbabel.com/
1538514782811	Marionette	DEBUG	[6442450945] Received DOM event pageshow for https://staging.annotation.tools.unbabel.com/
1538514782850	Marionette	DEBUG	[6442450945] Received DOM event beforeunload for https://staging.annotation.tools.unbabel.com/
1538514782914	Marionette	DEBUG	[6442450945] Received DOM event pagehide for https://staging.annotation.tools.unbabel.com/
1538514782915	Marionette	DEBUG	[6442450945] Received DOM event unload for https://staging.annotation.tools.unbabel.com/
1538514783017	Marionette	DEBUG	[6442450945] Received DOM event DOMContentLoaded for https://staging.annotation.tools.unbabel.com/login/
1538514783498	Marionette	DEBUG	[6442450945] Received DOM event pageshow for https://staging.annotation.tools.unbabel.com/login/
1538514783595	Marionette	DEBUG	[6442450945] Received DOM event beforeunload for https://staging.annotation.tools.unbabel.com/login/
1538514787283	Marionette	DEBUG	[6442450945] Received DOM event pagehide for https://staging.annotation.tools.unbabel.com/login/
1538514787287	Marionette	DEBUG	[6442450945] Received DOM event unload for https://staging.annotation.tools.unbabel.com/login/
1538514787415	Marionette	DEBUG	[6442450945] Received DOM event DOMContentLoaded for https://staging.annotation.tools.unbabel.com/
1538514787435	Marionette	DEBUG	[6442450945] Received DOM event pageshow for https://staging.annotation.tools.unbabel.com/
1538514787467	Marionette	DEBUG	[6442450945] Received DOM event beforeunload for https://staging.annotation.tools.unbabel.com/
1538514787551	Marionette	DEBUG	[6442450945] Received DOM event pagehide for https://staging.annotation.tools.unbabel.com/
1538514787554	Marionette	DEBUG	[6442450945] Received DOM event unload for https://staging.annotation.tools.unbabel.com/
1538514788051	Marionette	DEBUG	[6442450945] Received DOM event DOMContentLoaded for https://staging.annotation.tools.unbabel.com/interface/5b9fa99d62c5aa00208ee625/
1538514788849	Marionette	DEBUG	[6442450945] Received observer notification outer-window-destroyed for 6442450952
1538514788852	Marionette	DEBUG	[6442450945] Received DOM event pageshow for https://staging.annotation.tools.unbabel.com/interface/5b9fa99d62c5aa00208ee625/
[Child 14568, Chrome_ChildThread] WARNING: pipe error: 109: file z:/build/build/src/ipc/chromium/src/chrome/common/ipc_channel_win.cc, line 346
[Child 14568, Chrome_ChildThread] WARNING: pipe error: 109: file z:/build/build/src/ipc/chromium/src/chrome/common/ipc_channel_win.cc, line 346
1538514794414	Marionette	INFO	Stopped listening on port 52655
[GPU 13116, Chrome_C
###!!! [Child][MessageChannel::SendAndWait] Error: Channel error: cannot send/recv

RNING: pipe error: 109: file z:/build/build/src/ipc/chromium/src/chrome/common/ipc_channel_win.cc, line 346
1538513745505	Marionette	INFO	Stopped listening on port 50939
[GPU 5548, Chr
###!!! [Child][MessageChannel::SendAndWait] Error: Channel error: cannot send/recv

